c:\users\brock\source\repos\alljoyntoasterdemo\toaster\toaster.runtime\debug\pch.pch
c:\users\brock\source\repos\alljoyntoasterdemo\toaster\toaster.runtime\debug\vc140.pdb
c:\users\brock\source\repos\alljoyntoasterdemo\toaster\toaster.runtime\debug\vc140.idb
c:\users\brock\source\repos\alljoyntoasterdemo\toaster\toaster.runtime\debug\pch.obj
c:\users\brock\source\repos\alljoyntoasterdemo\toaster\toaster.runtime\debug\alljoynhelpers.obj
c:\users\brock\source\repos\alljoyntoasterdemo\toaster\toaster.runtime\debug\toasterserviceeventargs.obj
c:\users\brock\source\repos\alljoyntoasterdemo\toaster\toaster.runtime\debug\toasterwatcher.obj
c:\users\brock\source\repos\alljoyntoasterdemo\toaster\toaster.runtime\debug\toasterconsumer.obj
c:\users\brock\source\repos\alljoyntoasterdemo\toaster\toaster.runtime\debug\alljoynbusobjectmanager.obj
c:\users\brock\source\repos\alljoyntoasterdemo\toaster\toaster.runtime\debug\toasterserviceeventadapter.obj
c:\users\brock\source\repos\alljoyntoasterdemo\toaster\toaster.runtime\debug\typeconversionhelpers.obj
c:\users\brock\source\repos\alljoyntoasterdemo\toaster\toaster.runtime\debug\toasterproducer.obj
c:\users\brock\source\repos\alljoyntoasterdemo\toaster\toaster.runtime\debug\toastersignals.obj
c:\users\brock\source\repos\alljoyntoasterdemo\toaster\debug\toaster.runtime\toaster.runtime.ilk
c:\users\brock\source\repos\alljoyntoasterdemo\toaster\debug\toaster.runtime\toaster.runtime.dll
c:\users\brock\source\repos\alljoyntoasterdemo\toaster\debug\toaster.runtime\org.alljoyn.example.toaster.winmd
c:\users\brock\source\repos\alljoyntoasterdemo\toaster\debug\toaster.runtime\toaster.runtime.pdb
c:\users\brock\source\repos\alljoyntoasterdemo\toaster\debug\toaster.runtime\toaster.runtime.lib
c:\users\brock\source\repos\alljoyntoasterdemo\toaster\debug\toaster.runtime\toaster.runtime.exp
c:\users\brock\source\repos\alljoyntoasterdemo\toaster\toaster.runtime\debug\toaster.runtime.vcxprojresolveassemblyreference.cache
c:\users\brock\source\repos\alljoyntoasterdemo\toaster\toaster.runtime\debug\priconfig.xml
c:\users\brock\source\repos\alljoyntoasterdemo\toaster\toaster.runtime\debug\priconfig.xml.intermediate
c:\users\brock\source\repos\alljoyntoasterdemo\toaster\toaster.runtime\debug\layout.resfiles
c:\users\brock\source\repos\alljoyntoasterdemo\toaster\toaster.runtime\debug\layout.resfiles.intermediate
c:\users\brock\source\repos\alljoyntoasterdemo\toaster\toaster.runtime\debug\resources.resfiles
c:\users\brock\source\repos\alljoyntoasterdemo\toaster\toaster.runtime\debug\resources.resfiles.intermediate
c:\users\brock\source\repos\alljoyntoasterdemo\toaster\toaster.runtime\debug\pri.resfiles
c:\users\brock\source\repos\alljoyntoasterdemo\toaster\toaster.runtime\debug\pri.resfiles.intermediate
c:\users\brock\source\repos\alljoyntoasterdemo\toaster\debug\toaster.runtime\org.alljoyn.example.toaster.pri
c:\users\brock\source\repos\alljoyntoasterdemo\toaster\toaster.runtime\debug\qualifiers.txt
c:\users\brock\source\repos\alljoyntoasterdemo\toaster\toaster.runtime\debug\qualifiers.txt.intermediate
c:\users\brock\source\repos\alljoyntoasterdemo\toaster\toaster.runtime\debug\multiplequalifiersperdimensionfound.txt
c:\users\brock\source\repos\alljoyntoasterdemo\toaster\toaster.runtime\debug\embed.resfiles
c:\users\brock\source\repos\alljoyntoasterdemo\toaster\toaster.runtime\debug\toaster.runtime.tlog\cl.command.1.tlog
c:\users\brock\source\repos\alljoyntoasterdemo\toaster\toaster.runtime\debug\toaster.runtime.tlog\cl.read.1.tlog
c:\users\brock\source\repos\alljoyntoasterdemo\toaster\toaster.runtime\debug\toaster.runtime.tlog\cl.write.1.tlog
c:\users\brock\source\repos\alljoyntoasterdemo\toaster\toaster.runtime\debug\toaster.runtime.tlog\link.command.1.tlog
c:\users\brock\source\repos\alljoyntoasterdemo\toaster\toaster.runtime\debug\toaster.runtime.tlog\link.read.1.tlog
c:\users\brock\source\repos\alljoyntoasterdemo\toaster\toaster.runtime\debug\toaster.runtime.tlog\link.write.1.tlog
c:\users\brock\source\repos\alljoyntoasterdemo\toaster\toaster.runtime\debug\toaster.runtime.tlog\toaster.runtime.read.1u.tlog
c:\users\brock\source\repos\alljoyntoasterdemo\toaster\toaster.runtime\debug\toaster.runtime.tlog\toaster.runtime.write.1u.tlog
